2026-04-08 01:56:54 [INFO] __main__: GPUs with >20GB free: [0, 1, 2, 3]
2026-04-08 01:56:54 [INFO] __main__: Splitting 3989 samples across 4 GPUs (~998 each)
2026-04-08 01:56:55 [INFO] src.common.utils: Saved 998 items to /mnt/hdd/xuran/multi_image_safety/data/raw/path2/_step3_chunk_0.jsonl
2026-04-08 01:56:55 [INFO] src.common.utils: Saved 998 items to /mnt/hdd/xuran/multi_image_safety/data/raw/path2/_step3_chunk_1.jsonl
2026-04-08 01:56:55 [INFO] src.common.utils: Saved 998 items to /mnt/hdd/xuran/multi_image_safety/data/raw/path2/_step3_chunk_2.jsonl
2026-04-08 01:56:55 [INFO] src.common.utils: Saved 995 items to /mnt/hdd/xuran/multi_image_safety/data/raw/path2/_step3_chunk_3.jsonl
2026-04-08 01:56:55 [INFO] __main__: Started GPU 0 PID=1594198 (998 samples)
2026-04-08 01:56:55 [INFO] __main__: Started GPU 1 PID=1594199 (998 samples)
2026-04-08 01:56:55 [INFO] __main__: Started GPU 2 PID=1594200 (998 samples)
2026-04-08 01:56:55 [INFO] __main__: Started GPU 3 PID=1594201 (995 samples)
2026-04-08 01:56:56,702 [GPU3] INFO Saved 50 items to /mnt/hdd/xuran/multi_image_safety/data/raw/path2/samples_with_images_gpu3.jsonl
2026-04-08 01:56:56,703 [GPU1] INFO Saved 50 items to /mnt/hdd/xuran/multi_image_safety/data/raw/path2/samples_with_images_gpu1.jsonl
2026-04-08 01:56:56,706 [GPU3] INFO Saved 100 items to /mnt/hdd/xuran/multi_image_safety/data/raw/path2/samples_with_images_gpu3.jsonl
2026-04-08 01:56:56,706 [GPU1] INFO Saved 100 items to /mnt/hdd/xuran/multi_image_safety/data/raw/path2/samples_with_images_gpu1.jsonl
2026-04-08 01:56:56,718 [GPU0] INFO Saved 50 items to /mnt/hdd/xuran/multi_image_safety/data/raw/path2/samples_with_images_gpu0.jsonl
2026-04-08 01:56:56,721 [GPU0] INFO Saved 100 items to /mnt/hdd/xuran/multi_image_safety/data/raw/path2/samples_with_images_gpu0.jsonl
2026-04-08 01:56:56,749 [GPU0] INFO Saved 150 items to /mnt/hdd/xuran/multi_image_safety/data/raw/path2/samples_with_images_gpu0.jsonl
2026-04-08 01:56:56,756 [GPU2] INFO Saved 50 items to /mnt/hdd/xuran/multi_image_safety/data/raw/path2/samples_with_images_gpu2.jsonl
2026-04-08 01:56:56,760 [GPU2] INFO Saved 100 items to /mnt/hdd/xuran/multi_image_safety/data/raw/path2/samples_with_images_gpu2.jsonl
2026-04-08 01:56:56,764 [GPU1] INFO Saved 150 items to /mnt/hdd/xuran/multi_image_safety/data/raw/path2/samples_with_images_gpu1.jsonl
2026-04-08 01:56:56,765 [GPU0] INFO Saved 200 items to /mnt/hdd/xuran/multi_image_safety/data/raw/path2/samples_with_images_gpu0.jsonl
2026-04-08 01:56:56,765 [GPU3] INFO Saved 150 items to /mnt/hdd/xuran/multi_image_safety/data/raw/path2/samples_with_images_gpu3.jsonl
2026-04-08 01:56:56,766 [GPU2] INFO Saved 150 items to /mnt/hdd/xuran/multi_image_safety/data/raw/path2/samples_with_images_gpu2.jsonl
2026-04-08 01:56:56,807 [GPU1] INFO Saved 200 items to /mnt/hdd/xuran/multi_image_safety/data/raw/path2/samples_with_images_gpu1.jsonl
2026-04-08 01:56:56,809 [GPU0] INFO Saved 250 items to /mnt/hdd/xuran/multi_image_safety/data/raw/path2/samples_with_images_gpu0.jsonl
2026-04-08 01:56:56,813 [GPU1] INFO Saved 250 items to /mnt/hdd/xuran/multi_image_safety/data/raw/path2/samples_with_images_gpu1.jsonl
2026-04-08 01:56:56,834 [GPU3] INFO Saved 200 items to /mnt/hdd/xuran/multi_image_safety/data/raw/path2/samples_with_images_gpu3.jsonl
2026-04-08 01:56:56,837 [GPU0] INFO Saved 300 items to /mnt/hdd/xuran/multi_image_safety/data/raw/path2/samples_with_images_gpu0.jsonl
2026-04-08 01:56:56,871 [GPU0] INFO Saved 350 items to /mnt/hdd/xuran/multi_image_safety/data/raw/path2/samples_with_images_gpu0.jsonl
2026-04-08 01:56:56,893 [GPU1] INFO Saved 300 items to /mnt/hdd/xuran/multi_image_safety/data/raw/path2/samples_with_images_gpu1.jsonl
2026-04-08 01:56:56,893 [GPU0] INFO Saved 400 items to /mnt/hdd/xuran/multi_image_safety/data/raw/path2/samples_with_images_gpu0.jsonl
2026-04-08 01:56:56,902 [GPU1] INFO Saved 350 items to /mnt/hdd/xuran/multi_image_safety/data/raw/path2/samples_with_images_gpu1.jsonl
2026-04-08 01:56:56,907 [GPU0] INFO Saved 450 items to /mnt/hdd/xuran/multi_image_safety/data/raw/path2/samples_with_images_gpu0.jsonl
2026-04-08 01:56:56,940 [GPU1] INFO Saved 400 items to /mnt/hdd/xuran/multi_image_safety/data/raw/path2/samples_with_images_gpu1.jsonl
2026-04-08 01:56:56,969 [GPU0] INFO Saved 500 items to /mnt/hdd/xuran/multi_image_safety/data/raw/path2/samples_with_images_gpu0.jsonl
2026-04-08 01:56:57,093 [GPU1] INFO Saved 450 items to /mnt/hdd/xuran/multi_image_safety/data/raw/path2/samples_with_images_gpu1.jsonl
2026-04-08 01:56:57,097 [GPU0] INFO Saved 550 items to /mnt/hdd/xuran/multi_image_safety/data/raw/path2/samples_with_images_gpu0.jsonl
2026-04-08 01:56:57,108 [GPU1] INFO Saved 500 items to /mnt/hdd/xuran/multi_image_safety/data/raw/path2/samples_with_images_gpu1.jsonl
2026-04-08 01:56:57,194 [GPU1] INFO Saved 550 items to /mnt/hdd/xuran/multi_image_safety/data/raw/path2/samples_with_images_gpu1.jsonl
2026-04-08 01:56:57,197 [GPU0] INFO Saved 600 items to /mnt/hdd/xuran/multi_image_safety/data/raw/path2/samples_with_images_gpu0.jsonl
2026-04-08 01:56:57,222 [GPU1] INFO Saved 600 items to /mnt/hdd/xuran/multi_image_safety/data/raw/path2/samples_with_images_gpu1.jsonl
2026-04-08 01:56:57,229 [GPU0] INFO Saved 650 items to /mnt/hdd/xuran/multi_image_safety/data/raw/path2/samples_with_images_gpu0.jsonl
2026-04-08 01:56:57,253 [GPU0] INFO Saved 700 items to /mnt/hdd/xuran/multi_image_safety/data/raw/path2/samples_with_images_gpu0.jsonl
2026-04-08 01:56:57,285 [GPU0] INFO Saved 750 items to /mnt/hdd/xuran/multi_image_safety/data/raw/path2/samples_with_images_gpu0.jsonl
2026-04-08 01:56:57,331 [GPU0] INFO Saved 800 items to /mnt/hdd/xuran/multi_image_safety/data/raw/path2/samples_with_images_gpu0.jsonl
2026-04-08 01:56:57,355 [GPU0] INFO Saved 850 items to /mnt/hdd/xuran/multi_image_safety/data/raw/path2/samples_with_images_gpu0.jsonl
2026-04-08 01:56:57,381 [GPU0] INFO Saved 900 items to /mnt/hdd/xuran/multi_image_safety/data/raw/path2/samples_with_images_gpu0.jsonl
2026-04-08 01:56:57,413 [GPU0] INFO Saved 950 items to /mnt/hdd/xuran/multi_image_safety/data/raw/path2/samples_with_images_gpu0.jsonl
2026-04-08 01:56:57,462 [GPU0] INFO Saved 998 items to /mnt/hdd/xuran/multi_image_safety/data/raw/path2/samples_with_images_gpu0.jsonl
GPU 0: 50/998 done, 50 succeeded
GPU 0: 100/998 done, 100 succeeded
GPU 0: 150/998 done, 150 succeeded
GPU 0: 200/998 done, 200 succeeded
GPU 0: 250/998 done, 250 succeeded
GPU 0: 300/998 done, 300 succeeded
GPU 0: 350/998 done, 350 succeeded
GPU 0: 400/998 done, 400 succeeded
GPU 0: 450/998 done, 450 succeeded
GPU 0: 500/998 done, 500 succeeded
GPU 0: 550/998 done, 550 succeeded
GPU 0: 600/998 done, 600 succeeded
GPU 0: 650/998 done, 650 succeeded
GPU 0: 700/998 done, 700 succeeded
GPU 0: 750/998 done, 750 succeeded
GPU 0: 800/998 done, 800 succeeded
GPU 0: 850/998 done, 850 succeeded
GPU 0: 900/998 done, 900 succeeded
GPU 0: 950/998 done, 950 succeeded
GPU 0: DONE — 998/998 succeeded
GPU 3: 50/995 done, 50 succeeded
GPU 3: 100/995 done, 100 succeeded
GPU 3: 150/995 done, 150 succeeded
GPU 3: 200/995 done, 200 succeeded
Fetching 28 files:   0%|          | 0/28 [00:00<?, ?it/s]GPU 2: 50/998 done, 50 succeeded
GPU 2: 100/998 done, 100 succeeded
GPU 2: 150/998 done, 150 succeeded
Fetching 28 files:   0%|          | 0/28 [00:00<?, ?it/s]GPU 1: 50/998 done, 50 succeeded
GPU 1: 100/998 done, 100 succeeded
GPU 1: 150/998 done, 150 succeeded
GPU 1: 200/998 done, 200 succeeded
GPU 1: 250/998 done, 250 succeeded
GPU 1: 300/998 done, 300 succeeded
GPU 1: 350/998 done, 350 succeeded
GPU 1: 400/998 done, 400 succeeded
GPU 1: 450/998 done, 450 succeeded
GPU 1: 500/998 done, 500 succeeded
GPU 1: 550/998 done, 550 succeeded
GPU 1: 600/998 done, 600 succeeded
Fetching 28 files:   0%|          | 0/28 [00:00<?, ?it/s]Fetching 28 files:   7%|▋         | 2/28 [00:00<00:06,  3.97it/s]Fetching 28 files:   7%|▋         | 2/28 [00:00<00:05,  4.44it/s]Fetching 28 files:   7%|▋         | 2/28 [00:00<00:05,  4.64it/s]Fetching 28 files:  14%|█▍        | 4/28 [01:42<11:59, 29.99s/it]Fetching 28 files:  14%|█▍        | 4/28 [01:42<11:59, 29.97s/it]Fetching 28 files:  14%|█▍        | 4/28 [01:42<11:59, 29.99s/it]Fetching 28 files:  21%|██▏       | 6/28 [02:36<10:31, 28.71s/it]Fetching 28 files:  21%|██▏       | 6/28 [02:36<10:31, 28.71s/it]Fetching 28 files:  21%|██▏       | 6/28 [02:36<10:31, 28.71s/it]