2026-04-08 01:39:42 [INFO] __main__: GPUs with >20GB free: [0, 1, 2, 3]
2026-04-08 01:39:42 [INFO] __main__: Splitting 3989 samples across 4 GPUs (~998 each)
2026-04-08 01:39:42 [INFO] src.common.utils: Saved 998 items to /mnt/hdd/xuran/multi_image_safety/data/raw/path2/_step3_chunk_0.jsonl
2026-04-08 01:39:42 [INFO] src.common.utils: Saved 998 items to /mnt/hdd/xuran/multi_image_safety/data/raw/path2/_step3_chunk_1.jsonl
2026-04-08 01:39:43 [INFO] src.common.utils: Saved 998 items to /mnt/hdd/xuran/multi_image_safety/data/raw/path2/_step3_chunk_2.jsonl
2026-04-08 01:39:43 [INFO] src.common.utils: Saved 995 items to /mnt/hdd/xuran/multi_image_safety/data/raw/path2/_step3_chunk_3.jsonl
2026-04-08 01:39:43 [INFO] __main__: Started GPU 0 PID=1574834 (998 samples)
2026-04-08 01:39:43 [INFO] __main__: Started GPU 1 PID=1574835 (998 samples)
2026-04-08 01:39:43 [INFO] __main__: Started GPU 2 PID=1574836 (998 samples)
2026-04-08 01:39:43 [INFO] __main__: Started GPU 3 PID=1574837 (995 samples)
2026-04-08 01:39:46,173 [GPU1] INFO Saved 50 items to /mnt/hdd/xuran/multi_image_safety/data/raw/path2/samples_with_images_gpu1.jsonl
2026-04-08 01:39:46,177 [GPU2] INFO Saved 50 items to /mnt/hdd/xuran/multi_image_safety/data/raw/path2/samples_with_images_gpu2.jsonl
2026-04-08 01:39:46,193 [GPU3] INFO Saved 50 items to /mnt/hdd/xuran/multi_image_safety/data/raw/path2/samples_with_images_gpu3.jsonl
2026-04-08 01:39:46,196 [GPU2] INFO Saved 100 items to /mnt/hdd/xuran/multi_image_safety/data/raw/path2/samples_with_images_gpu2.jsonl
2026-04-08 01:39:46,201 [GPU2] INFO Saved 150 items to /mnt/hdd/xuran/multi_image_safety/data/raw/path2/samples_with_images_gpu2.jsonl
2026-04-08 01:39:46,205 [GPU1] INFO Saved 100 items to /mnt/hdd/xuran/multi_image_safety/data/raw/path2/samples_with_images_gpu1.jsonl
2026-04-08 01:39:46,209 [GPU0] INFO Saved 50 items to /mnt/hdd/xuran/multi_image_safety/data/raw/path2/samples_with_images_gpu0.jsonl
2026-04-08 01:39:46,220 [GPU3] INFO Saved 100 items to /mnt/hdd/xuran/multi_image_safety/data/raw/path2/samples_with_images_gpu3.jsonl
2026-04-08 01:39:46,220 [GPU1] INFO Saved 150 items to /mnt/hdd/xuran/multi_image_safety/data/raw/path2/samples_with_images_gpu1.jsonl
2026-04-08 01:39:46,228 [GPU0] INFO Saved 100 items to /mnt/hdd/xuran/multi_image_safety/data/raw/path2/samples_with_images_gpu0.jsonl
2026-04-08 01:39:46,264 [GPU0] INFO Saved 150 items to /mnt/hdd/xuran/multi_image_safety/data/raw/path2/samples_with_images_gpu0.jsonl
2026-04-08 01:39:46,265 [GPU3] INFO Saved 150 items to /mnt/hdd/xuran/multi_image_safety/data/raw/path2/samples_with_images_gpu3.jsonl
2026-04-08 01:39:46,266 [GPU1] INFO Saved 200 items to /mnt/hdd/xuran/multi_image_safety/data/raw/path2/samples_with_images_gpu1.jsonl
2026-04-08 01:39:46,269 [GPU0] INFO Saved 200 items to /mnt/hdd/xuran/multi_image_safety/data/raw/path2/samples_with_images_gpu0.jsonl
2026-04-08 01:39:46,285 [GPU3] INFO Saved 200 items to /mnt/hdd/xuran/multi_image_safety/data/raw/path2/samples_with_images_gpu3.jsonl
2026-04-08 01:39:46,286 [GPU0] INFO Saved 250 items to /mnt/hdd/xuran/multi_image_safety/data/raw/path2/samples_with_images_gpu0.jsonl
2026-04-08 01:39:46,286 [GPU1] INFO Saved 250 items to /mnt/hdd/xuran/multi_image_safety/data/raw/path2/samples_with_images_gpu1.jsonl
2026-04-08 01:39:46,317 [GPU1] INFO Saved 300 items to /mnt/hdd/xuran/multi_image_safety/data/raw/path2/samples_with_images_gpu1.jsonl
2026-04-08 01:39:46,366 [GPU0] INFO Saved 300 items to /mnt/hdd/xuran/multi_image_safety/data/raw/path2/samples_with_images_gpu0.jsonl
2026-04-08 01:39:46,368 [GPU1] INFO Saved 350 items to /mnt/hdd/xuran/multi_image_safety/data/raw/path2/samples_with_images_gpu1.jsonl
2026-04-08 01:39:46,417 [GPU0] INFO Saved 350 items to /mnt/hdd/xuran/multi_image_safety/data/raw/path2/samples_with_images_gpu0.jsonl
2026-04-08 01:39:46,421 [GPU1] INFO Saved 400 items to /mnt/hdd/xuran/multi_image_safety/data/raw/path2/samples_with_images_gpu1.jsonl
2026-04-08 01:39:46,478 [GPU0] INFO Saved 400 items to /mnt/hdd/xuran/multi_image_safety/data/raw/path2/samples_with_images_gpu0.jsonl
2026-04-08 01:39:46,482 [GPU1] INFO Saved 450 items to /mnt/hdd/xuran/multi_image_safety/data/raw/path2/samples_with_images_gpu1.jsonl
2026-04-08 01:39:46,549 [GPU0] INFO Saved 450 items to /mnt/hdd/xuran/multi_image_safety/data/raw/path2/samples_with_images_gpu0.jsonl
2026-04-08 01:39:46,552 [GPU1] INFO Saved 500 items to /mnt/hdd/xuran/multi_image_safety/data/raw/path2/samples_with_images_gpu1.jsonl
2026-04-08 01:39:46,607 [GPU1] INFO Saved 550 items to /mnt/hdd/xuran/multi_image_safety/data/raw/path2/samples_with_images_gpu1.jsonl
2026-04-08 01:39:46,618 [GPU0] INFO Saved 500 items to /mnt/hdd/xuran/multi_image_safety/data/raw/path2/samples_with_images_gpu0.jsonl
2026-04-08 01:39:46,652 [GPU1] INFO Saved 600 items to /mnt/hdd/xuran/multi_image_safety/data/raw/path2/samples_with_images_gpu1.jsonl
2026-04-08 01:39:46,686 [GPU0] INFO Saved 550 items to /mnt/hdd/xuran/multi_image_safety/data/raw/path2/samples_with_images_gpu0.jsonl
2026-04-08 01:39:46,797 [GPU0] INFO Saved 600 items to /mnt/hdd/xuran/multi_image_safety/data/raw/path2/samples_with_images_gpu0.jsonl
2026-04-08 01:39:46,824 [GPU0] INFO Saved 650 items to /mnt/hdd/xuran/multi_image_safety/data/raw/path2/samples_with_images_gpu0.jsonl
2026-04-08 01:39:46,883 [GPU0] INFO Saved 700 items to /mnt/hdd/xuran/multi_image_safety/data/raw/path2/samples_with_images_gpu0.jsonl
2026-04-08 01:39:46,945 [GPU0] INFO Saved 750 items to /mnt/hdd/xuran/multi_image_safety/data/raw/path2/samples_with_images_gpu0.jsonl
2026-04-08 01:39:46,972 [GPU0] INFO Saved 800 items to /mnt/hdd/xuran/multi_image_safety/data/raw/path2/samples_with_images_gpu0.jsonl
2026-04-08 01:39:47,001 [GPU0] INFO Saved 850 items to /mnt/hdd/xuran/multi_image_safety/data/raw/path2/samples_with_images_gpu0.jsonl
2026-04-08 01:39:47,056 [GPU0] INFO Saved 900 items to /mnt/hdd/xuran/multi_image_safety/data/raw/path2/samples_with_images_gpu0.jsonl
2026-04-08 01:39:47,141 [GPU0] INFO Saved 950 items to /mnt/hdd/xuran/multi_image_safety/data/raw/path2/samples_with_images_gpu0.jsonl
2026-04-08 01:39:47,188 [GPU0] INFO Saved 998 items to /mnt/hdd/xuran/multi_image_safety/data/raw/path2/samples_with_images_gpu0.jsonl
GPU 0: 50/998 done, 50 succeeded
GPU 0: 100/998 done, 100 succeeded
GPU 0: 150/998 done, 150 succeeded
GPU 0: 200/998 done, 200 succeeded
GPU 0: 250/998 done, 250 succeeded
GPU 0: 300/998 done, 300 succeeded
GPU 0: 350/998 done, 350 succeeded
GPU 0: 400/998 done, 400 succeeded
GPU 0: 450/998 done, 450 succeeded
GPU 0: 500/998 done, 500 succeeded
GPU 0: 550/998 done, 550 succeeded
GPU 0: 600/998 done, 600 succeeded
GPU 0: 650/998 done, 650 succeeded
GPU 0: 700/998 done, 700 succeeded
GPU 0: 750/998 done, 750 succeeded
GPU 0: 800/998 done, 800 succeeded
GPU 0: 850/998 done, 850 succeeded
GPU 0: 900/998 done, 900 succeeded
GPU 0: 950/998 done, 950 succeeded
GPU 0: DONE — 998/998 succeeded
Traceback (most recent call last):
  File "/mnt/hdd/xuran/anaconda3/envs/mis_safety/lib/python3.11/site-packages/huggingface_hub/utils/_http.py", line 403, in hf_raise_for_status
Traceback (most recent call last):
  File "/mnt/hdd/xuran/anaconda3/envs/mis_safety/lib/python3.11/site-packages/huggingface_hub/utils/_http.py", line 403, in hf_raise_for_status
Traceback (most recent call last):
  File "/mnt/hdd/xuran/anaconda3/envs/mis_safety/lib/python3.11/site-packages/huggingface_hub/utils/_http.py", line 403, in hf_raise_for_status
    response.raise_for_status()
    response.raise_for_status()
    response.raise_for_status()
  File "/mnt/hdd/xuran/anaconda3/envs/mis_safety/lib/python3.11/site-packages/requests/models.py", line 1028, in raise_for_status
  File "/mnt/hdd/xuran/anaconda3/envs/mis_safety/lib/python3.11/site-packages/requests/models.py", line 1028, in raise_for_status
  File "/mnt/hdd/xuran/anaconda3/envs/mis_safety/lib/python3.11/site-packages/requests/models.py", line 1028, in raise_for_status
    raise HTTPError(http_error_msg, response=self)
    raise HTTPError(http_error_msg, response=self)
    raise HTTPError(http_error_msg, response=self)
requests.exceptions.HTTPError: 403 Client Error: Forbidden for url: https://huggingface.co/stabilityai/stable-diffusion-3.5-large-turbo/resolve/main/model_index.json
requests.exceptions.HTTPError: 403 Client Error: Forbidden for url: https://huggingface.co/stabilityai/stable-diffusion-3.5-large-turbo/resolve/main/model_index.json


The above exception was the direct cause of the following exception:
requests.exceptions.HTTPError: 403 Client Error: Forbidden for url: https://huggingface.co/stabilityai/stable-diffusion-3.5-large-turbo/resolve/main/model_index.json
The above exception was the direct cause of the following exception:



Traceback (most recent call last):
The above exception was the direct cause of the following exception:
Traceback (most recent call last):

Traceback (most recent call last):
  File "<string>", line 20, in <module>
  File "<string>", line 20, in <module>
  File "/mnt/hdd/xuran/multi_image_safety/src/path2_prompt_decompose/acquire_images.py", line 94, in acquire_images_for_sample
  File "<string>", line 20, in <module>
  File "/mnt/hdd/xuran/multi_image_safety/src/path2_prompt_decompose/acquire_images.py", line 94, in acquire_images_for_sample
  File "/mnt/hdd/xuran/multi_image_safety/src/path2_prompt_decompose/acquire_images.py", line 94, in acquire_images_for_sample
    success1 = generate_image(desc1, img1_path)
    success1 = generate_image(desc1, img1_path)
    success1 = generate_image(desc1, img1_path)
               ^^^^^^^^^^^^^^^^^^^^^^^^^^^^^^^^
               ^^^^^^^^^^^^^^^^^^^^^^^^^^^^^^^^
  File "/mnt/hdd/xuran/multi_image_safety/src/common/image_generation.py", line 168, in generate_image
               ^^^^^^^^^^^^^^^^^^^^^^^^^^^^^^^^
  File "/mnt/hdd/xuran/multi_image_safety/src/common/image_generation.py", line 168, in generate_image
  File "/mnt/hdd/xuran/multi_image_safety/src/common/image_generation.py", line 168, in generate_image
    pipe = get_t2i_pipeline(backend_name)
    pipe = get_t2i_pipeline(backend_name)
    pipe = get_t2i_pipeline(backend_name)
           ^^^^^^^^^^^^^^^^^^^^^^^^^^^^^^
  File "/mnt/hdd/xuran/multi_image_safety/src/common/image_generation.py", line 123, in get_t2i_pipeline
           ^^^^^^^^^^^^^^^^^^^^^^^^^^^^^^
  File "/mnt/hdd/xuran/multi_image_safety/src/common/image_generation.py", line 123, in get_t2i_pipeline
           ^^^^^^^^^^^^^^^^^^^^^^^^^^^^^^
  File "/mnt/hdd/xuran/multi_image_safety/src/common/image_generation.py", line 123, in get_t2i_pipeline
    return _build_pipeline(backend_name, backend_cfg, root_cfg)
    return _build_pipeline(backend_name, backend_cfg, root_cfg)
    return _build_pipeline(backend_name, backend_cfg, root_cfg)
           ^^^^^^^^^^^^^^^^^^^^^^^^^^^^^^^^^^^^^^^^^^^^^^^^^^^^
  File "/mnt/hdd/xuran/multi_image_safety/src/common/image_generation.py", line 91, in _build_pipeline
           ^^^^^^^^^^^^^^^^^^^^^^^^^^^^^^^^^^^^^^^^^^^^^^^^^^^^
  File "/mnt/hdd/xuran/multi_image_safety/src/common/image_generation.py", line 91, in _build_pipeline
           ^^^^^^^^^^^^^^^^^^^^^^^^^^^^^^^^^^^^^^^^^^^^^^^^^^^^
  File "/mnt/hdd/xuran/multi_image_safety/src/common/image_generation.py", line 91, in _build_pipeline
    pipe = StableDiffusion3Pipeline.from_pretrained(
           ^^^^^^^^^^^^^^^^^^^^^^^^^^^^^^^^^^^^^^^^^
  File "/mnt/hdd/xuran/anaconda3/envs/mis_safety/lib/python3.11/site-packages/huggingface_hub/utils/_validators.py", line 114, in _inner_fn
    pipe = StableDiffusion3Pipeline.from_pretrained(
           ^^^^^^^^^^^^^^^^^^^^^^^^^^^^^^^^^^^^^^^^^
    pipe = StableDiffusion3Pipeline.from_pretrained(
  File "/mnt/hdd/xuran/anaconda3/envs/mis_safety/lib/python3.11/site-packages/huggingface_hub/utils/_validators.py", line 114, in _inner_fn
           ^^^^^^^^^^^^^^^^^^^^^^^^^^^^^^^^^^^^^^^^^
  File "/mnt/hdd/xuran/anaconda3/envs/mis_safety/lib/python3.11/site-packages/huggingface_hub/utils/_validators.py", line 114, in _inner_fn
    return fn(*args, **kwargs)
    return fn(*args, **kwargs)
    return fn(*args, **kwargs)
           ^^^^^^^^^^^^^^^^^^^
  File "/mnt/hdd/xuran/anaconda3/envs/mis_safety/lib/python3.11/site-packages/diffusers/pipelines/pipeline_utils.py", line 853, in from_pretrained
           ^^^^^^^^^^^^^^^^^^^
           ^^^^^^^^^^^^^^^^^^^
  File "/mnt/hdd/xuran/anaconda3/envs/mis_safety/lib/python3.11/site-packages/diffusers/pipelines/pipeline_utils.py", line 853, in from_pretrained
  File "/mnt/hdd/xuran/anaconda3/envs/mis_safety/lib/python3.11/site-packages/diffusers/pipelines/pipeline_utils.py", line 853, in from_pretrained
    cached_folder = cls.download(
    cached_folder = cls.download(
                    ^^^^^^^^^^^^^
    cached_folder = cls.download(
                    ^^^^^^^^^^^^^
  File "/mnt/hdd/xuran/anaconda3/envs/mis_safety/lib/python3.11/site-packages/huggingface_hub/utils/_validators.py", line 114, in _inner_fn
  File "/mnt/hdd/xuran/anaconda3/envs/mis_safety/lib/python3.11/site-packages/huggingface_hub/utils/_validators.py", line 114, in _inner_fn
                    ^^^^^^^^^^^^^
  File "/mnt/hdd/xuran/anaconda3/envs/mis_safety/lib/python3.11/site-packages/huggingface_hub/utils/_validators.py", line 114, in _inner_fn
    return fn(*args, **kwargs)
    return fn(*args, **kwargs)
    return fn(*args, **kwargs)
           ^^^^^^^^^^^^^^^^^^^
           ^^^^^^^^^^^^^^^^^^^
  File "/mnt/hdd/xuran/anaconda3/envs/mis_safety/lib/python3.11/site-packages/diffusers/pipelines/pipeline_utils.py", line 1636, in download
  File "/mnt/hdd/xuran/anaconda3/envs/mis_safety/lib/python3.11/site-packages/diffusers/pipelines/pipeline_utils.py", line 1636, in download
           ^^^^^^^^^^^^^^^^^^^
  File "/mnt/hdd/xuran/anaconda3/envs/mis_safety/lib/python3.11/site-packages/diffusers/pipelines/pipeline_utils.py", line 1636, in download
    config_file = hf_hub_download(
    config_file = hf_hub_download(
    config_file = hf_hub_download(
                  ^^^^^^^^^^^^^^^^
                  ^^^^^^^^^^^^^^^^
                  ^^^^^^^^^^^^^^^^
  File "/mnt/hdd/xuran/anaconda3/envs/mis_safety/lib/python3.11/site-packages/huggingface_hub/utils/_validators.py", line 114, in _inner_fn
  File "/mnt/hdd/xuran/anaconda3/envs/mis_safety/lib/python3.11/site-packages/huggingface_hub/utils/_validators.py", line 114, in _inner_fn
  File "/mnt/hdd/xuran/anaconda3/envs/mis_safety/lib/python3.11/site-packages/huggingface_hub/utils/_validators.py", line 114, in _inner_fn
    return fn(*args, **kwargs)
    return fn(*args, **kwargs)
    return fn(*args, **kwargs)
           ^^^^^^^^^^^^^^^^^^^
           ^^^^^^^^^^^^^^^^^^^
           ^^^^^^^^^^^^^^^^^^^
  File "/mnt/hdd/xuran/anaconda3/envs/mis_safety/lib/python3.11/site-packages/huggingface_hub/file_download.py", line 1014, in hf_hub_download
  File "/mnt/hdd/xuran/anaconda3/envs/mis_safety/lib/python3.11/site-packages/huggingface_hub/file_download.py", line 1014, in hf_hub_download
  File "/mnt/hdd/xuran/anaconda3/envs/mis_safety/lib/python3.11/site-packages/huggingface_hub/file_download.py", line 1014, in hf_hub_download
    return _hf_hub_download_to_cache_dir(
    return _hf_hub_download_to_cache_dir(
           ^^^^^^^^^^^^^^^^^^^^^^^^^^^^^^
    return _hf_hub_download_to_cache_dir(
  File "/mnt/hdd/xuran/anaconda3/envs/mis_safety/lib/python3.11/site-packages/huggingface_hub/file_download.py", line 1121, in _hf_hub_download_to_cache_dir
           ^^^^^^^^^^^^^^^^^^^^^^^^^^^^^^
  File "/mnt/hdd/xuran/anaconda3/envs/mis_safety/lib/python3.11/site-packages/huggingface_hub/file_download.py", line 1121, in _hf_hub_download_to_cache_dir
           ^^^^^^^^^^^^^^^^^^^^^^^^^^^^^^
  File "/mnt/hdd/xuran/anaconda3/envs/mis_safety/lib/python3.11/site-packages/huggingface_hub/file_download.py", line 1121, in _hf_hub_download_to_cache_dir
    _raise_on_head_call_error(head_call_error, force_download, local_files_only)
    _raise_on_head_call_error(head_call_error, force_download, local_files_only)
    _raise_on_head_call_error(head_call_error, force_download, local_files_only)
  File "/mnt/hdd/xuran/anaconda3/envs/mis_safety/lib/python3.11/site-packages/huggingface_hub/file_download.py", line 1662, in _raise_on_head_call_error
  File "/mnt/hdd/xuran/anaconda3/envs/mis_safety/lib/python3.11/site-packages/huggingface_hub/file_download.py", line 1662, in _raise_on_head_call_error
  File "/mnt/hdd/xuran/anaconda3/envs/mis_safety/lib/python3.11/site-packages/huggingface_hub/file_download.py", line 1662, in _raise_on_head_call_error
    raise head_call_error
  File "/mnt/hdd/xuran/anaconda3/envs/mis_safety/lib/python3.11/site-packages/huggingface_hub/file_download.py", line 1550, in _get_metadata_or_catch_error
    raise head_call_error
    raise head_call_error
  File "/mnt/hdd/xuran/anaconda3/envs/mis_safety/lib/python3.11/site-packages/huggingface_hub/file_download.py", line 1550, in _get_metadata_or_catch_error
  File "/mnt/hdd/xuran/anaconda3/envs/mis_safety/lib/python3.11/site-packages/huggingface_hub/file_download.py", line 1550, in _get_metadata_or_catch_error
    metadata = get_hf_file_metadata(
               ^^^^^^^^^^^^^^^^^^^^^
  File "/mnt/hdd/xuran/anaconda3/envs/mis_safety/lib/python3.11/site-packages/huggingface_hub/utils/_validators.py", line 114, in _inner_fn
    metadata = get_hf_file_metadata(
               ^^^^^^^^^^^^^^^^^^^^^
    metadata = get_hf_file_metadata(
  File "/mnt/hdd/xuran/anaconda3/envs/mis_safety/lib/python3.11/site-packages/huggingface_hub/utils/_validators.py", line 114, in _inner_fn
               ^^^^^^^^^^^^^^^^^^^^^
  File "/mnt/hdd/xuran/anaconda3/envs/mis_safety/lib/python3.11/site-packages/huggingface_hub/utils/_validators.py", line 114, in _inner_fn
    return fn(*args, **kwargs)
           ^^^^^^^^^^^^^^^^^^^
  File "/mnt/hdd/xuran/anaconda3/envs/mis_safety/lib/python3.11/site-packages/huggingface_hub/file_download.py", line 1467, in get_hf_file_metadata
    return fn(*args, **kwargs)
    return fn(*args, **kwargs)
           ^^^^^^^^^^^^^^^^^^^
  File "/mnt/hdd/xuran/anaconda3/envs/mis_safety/lib/python3.11/site-packages/huggingface_hub/file_download.py", line 1467, in get_hf_file_metadata
           ^^^^^^^^^^^^^^^^^^^
  File "/mnt/hdd/xuran/anaconda3/envs/mis_safety/lib/python3.11/site-packages/huggingface_hub/file_download.py", line 1467, in get_hf_file_metadata
    r = _request_wrapper(
        ^^^^^^^^^^^^^^^^^
  File "/mnt/hdd/xuran/anaconda3/envs/mis_safety/lib/python3.11/site-packages/huggingface_hub/file_download.py", line 283, in _request_wrapper
    r = _request_wrapper(
        ^^^^^^^^^^^^^^^^^
  File "/mnt/hdd/xuran/anaconda3/envs/mis_safety/lib/python3.11/site-packages/huggingface_hub/file_download.py", line 283, in _request_wrapper
    r = _request_wrapper(
        ^^^^^^^^^^^^^^^^^
  File "/mnt/hdd/xuran/anaconda3/envs/mis_safety/lib/python3.11/site-packages/huggingface_hub/file_download.py", line 283, in _request_wrapper
    response = _request_wrapper(
               ^^^^^^^^^^^^^^^^^
  File "/mnt/hdd/xuran/anaconda3/envs/mis_safety/lib/python3.11/site-packages/huggingface_hub/file_download.py", line 307, in _request_wrapper
    response = _request_wrapper(
               ^^^^^^^^^^^^^^^^^
  File "/mnt/hdd/xuran/anaconda3/envs/mis_safety/lib/python3.11/site-packages/huggingface_hub/file_download.py", line 307, in _request_wrapper
    response = _request_wrapper(
               ^^^^^^^^^^^^^^^^^
  File "/mnt/hdd/xuran/anaconda3/envs/mis_safety/lib/python3.11/site-packages/huggingface_hub/file_download.py", line 307, in _request_wrapper
    hf_raise_for_status(response)
  File "/mnt/hdd/xuran/anaconda3/envs/mis_safety/lib/python3.11/site-packages/huggingface_hub/utils/_http.py", line 420, in hf_raise_for_status
    hf_raise_for_status(response)
    hf_raise_for_status(response)
  File "/mnt/hdd/xuran/anaconda3/envs/mis_safety/lib/python3.11/site-packages/huggingface_hub/utils/_http.py", line 420, in hf_raise_for_status
  File "/mnt/hdd/xuran/anaconda3/envs/mis_safety/lib/python3.11/site-packages/huggingface_hub/utils/_http.py", line 420, in hf_raise_for_status
    raise _format(GatedRepoError, message, response) from e
huggingface_hub.errors.GatedRepoError: 403 Client Error. (Request ID: Root=1-69d5335c-133ce23553b4eddf0c50336e;97628173-dfc9-4b56-85f8-834c818bcc95)

Cannot access gated repo for url https://huggingface.co/stabilityai/stable-diffusion-3.5-large-turbo/resolve/main/model_index.json.
Access to model stabilityai/stable-diffusion-3.5-large-turbo is restricted and you are not in the authorized list. Visit https://huggingface.co/stabilityai/stable-diffusion-3.5-large-turbo to ask for access.
    raise _format(GatedRepoError, message, response) from e
    raise _format(GatedRepoError, message, response) from e
huggingface_hub.errors.GatedRepoError: 403 Client Error. (Request ID: Root=1-69d5335c-3a09932d27aee5226a44216d;66dc9fed-3d64-4f6c-ba0b-65db0a6ce322)

Cannot access gated repo for url https://huggingface.co/stabilityai/stable-diffusion-3.5-large-turbo/resolve/main/model_index.json.
Access to model stabilityai/stable-diffusion-3.5-large-turbo is restricted and you are not in the authorized list. Visit https://huggingface.co/stabilityai/stable-diffusion-3.5-large-turbo to ask for access.
huggingface_hub.errors.GatedRepoError: 403 Client Error. (Request ID: Root=1-69d5335c-3ce41fdb5ade6ee532397746;e2f12704-46a1-4e68-a334-d21f86246078)

Cannot access gated repo for url https://huggingface.co/stabilityai/stable-diffusion-3.5-large-turbo/resolve/main/model_index.json.
Access to model stabilityai/stable-diffusion-3.5-large-turbo is restricted and you are not in the authorized list. Visit https://huggingface.co/stabilityai/stable-diffusion-3.5-large-turbo to ask for access.
GPU 2: 50/998 done, 50 succeeded
GPU 2: 100/998 done, 100 succeeded
GPU 2: 150/998 done, 150 succeeded
GPU 3: 50/995 done, 50 succeeded
GPU 3: 100/995 done, 100 succeeded
GPU 3: 150/995 done, 150 succeeded
GPU 3: 200/995 done, 200 succeeded
GPU 1: 50/998 done, 50 succeeded
GPU 1: 100/998 done, 100 succeeded
GPU 1: 150/998 done, 150 succeeded
GPU 1: 200/998 done, 200 succeeded
GPU 1: 250/998 done, 250 succeeded
GPU 1: 300/998 done, 300 succeeded
GPU 1: 350/998 done, 350 succeeded
GPU 1: 400/998 done, 400 succeeded
GPU 1: 450/998 done, 450 succeeded
GPU 1: 500/998 done, 500 succeeded
GPU 1: 550/998 done, 550 succeeded
GPU 1: 600/998 done, 600 succeeded
2026-04-08 01:39:58 [WARNING] __main__: GPU 1 subprocess exited with code 1
2026-04-08 01:39:58 [WARNING] __main__: GPU 2 subprocess exited with code 1
2026-04-08 01:39:58 [WARNING] __main__: GPU 3 subprocess exited with code 1
2026-04-08 01:39:58 [INFO] src.common.utils: Saved 1948 items to /mnt/hdd/xuran/multi_image_safety/data/raw/path2/samples_with_images.jsonl

================================================================================
✓ STEP 3 COMPLETE: 1948/3989 samples acquired images
Output: /mnt/hdd/xuran/multi_image_safety/data/raw/path2/samples_with_images.jsonl
================================================================================
